
[0m[2m[35m$[0m [2m[1mtsdown[0m
[34mℹ[39m [34mtsdown v0.21.7[39m powered by [38;2;255;126;23mrolldown v1.0.0-rc.12[39m
[34mℹ[39m config file: [4m/home/toby/src/glf-new/packages/generate-license-file/tsdown.config.ts[24m 
[34mℹ[39m entry: [34msrc/index.ts, src/lib/cli/index.ts[39m
[34mℹ[39m tsconfig: [34mtsconfig.json[39m
[34mℹ[39m Build start
[34mℹ[39m Cleaning 114 files
[34mℹ[39m [33m[CJS][39m [2mdist/[22m[32m[1mindex.d.cts[22m[39m                        [2m0.59 kB[22m [2m│ gzip: 0.19 kB[22m
[34mℹ[39m [33m[CJS][39m [2mdist/[22m[32m[1mcli.d.cts[22m[39m                          [2m0.12 kB[22m [2m│ gzip: 0.12 kB[22m
[34mℹ[39m [33m[CJS][39m [2mdist/[22m[32mlib/options/optionsExpander.d.cts[39m  [2m1.57 kB[22m [2m│ gzip: 0.65 kB[22m
[34mℹ[39m [33m[CJS][39m [2mdist/[22m[32mlib/getLicenseFileText.d.cts[39m       [2m1.53 kB[22m [2m│ gzip: 0.48 kB[22m
[34mℹ[39m [33m[CJS][39m [2mdist/[22m[32mlib/generateLicenseFile.d.cts[39m      [2m1.53 kB[22m [2m│ gzip: 0.46 kB[22m
[34mℹ[39m [33m[CJS][39m [2mdist/[22m[32mlib/getProjectLicenses.d.cts[39m       [2m1.04 kB[22m [2m│ gzip: 0.45 kB[22m
[34mℹ[39m [33m[CJS][39m [2mdist/[22m[32mlib/options/replace.d.cts[39m          [2m0.66 kB[22m [2m│ gzip: 0.39 kB[22m
[34mℹ[39m [33m[CJS][39m [2mdist/[22m[32mlib/options/lineEnding.d.cts[39m       [2m0.52 kB[22m [2m│ gzip: 0.29 kB[22m
[34mℹ[39m [33m[CJS][39m [2mdist/[22m[32mlib/options/append.d.cts[39m           [2m0.47 kB[22m [2m│ gzip: 0.30 kB[22m
[34mℹ[39m [33m[CJS][39m [2mdist/[22m[32mlib/options/exclude.d.cts[39m          [2m0.47 kB[22m [2m│ gzip: 0.29 kB[22m
[34mℹ[39m [33m[CJS][39m [2mdist/[22m[32mlib/models/license.d.cts[39m           [2m0.41 kB[22m [2m│ gzip: 0.23 kB[22m
[34mℹ[39m [33m[CJS][39m [2mdist/[22m[32mlib/options/omitVersions.d.cts[39m     [2m0.39 kB[22m [2m│ gzip: 0.24 kB[22m
[34mℹ[39m [33m[CJS][39m [2mdist/[22m[32mlib/lineEndings.d.cts[39m              [2m0.31 kB[22m [2m│ gzip: 0.22 kB[22m
[34mℹ[39m [33m[CJS][39m 13 files, total: 9.62 kB
[34mℹ[39m [33m[CJS][39m [2mdist/[22m[1mindex.cjs[22m                                                     [2m0.53 kB[22m [2m│ gzip: 0.20 kB[22m
[34mℹ[39m [33m[CJS][39m [2mdist/[22m[1mcli.cjs[22m                                                       [2m0.31 kB[22m [2m│ gzip: 0.22 kB[22m
[34mℹ[39m [33m[CJS][39m [2mdist/[22mlib/cli/commands/main.cjs                                     [2m4.23 kB[22m [2m│ gzip: 1.52 kB[22m
[34mℹ[39m [33m[CJS][39m [2mdist/[22mlib/internal/resolveDependencies/resolvePnpmDependencies.cjs  [2m3.14 kB[22m [2m│ gzip: 1.13 kB[22m
[34mℹ[39m [33m[CJS][39m [2mdist/[22mlib/internal/resolveDependencies/resolveNpmDependencies.cjs   [2m3.13 kB[22m [2m│ gzip: 1.16 kB[22m
[34mℹ[39m [33m[CJS][39m [2mdist/[22mlib/internal/resolveLicenseContent/packageJsonLicense.cjs     [2m2.76 kB[22m [2m│ gzip: 0.96 kB[22m
[34mℹ[39m [33m[CJS][39m [2mdist/[22mlib/internal/resolveLicenseContent/spdxExpression.cjs         [2m2.25 kB[22m [2m│ gzip: 0.68 kB[22m
[34mℹ[39m [33m[CJS][39m [2mdist/[22mlib/cli/args/inputs.cjs                                       [2m2.25 kB[22m [2m│ gzip: 0.74 kB[22m
[34mℹ[39m [33m[CJS][39m [2mdist/[22mlib/getLicenseFileText.cjs                                    [2m1.95 kB[22m [2m│ gzip: 0.78 kB[22m
[34mℹ[39m [33m[CJS][39m [2mdist/[22mlib/cli/config/configFile.cjs                                 [2m1.84 kB[22m [2m│ gzip: 0.59 kB[22m
[34mℹ[39m [33m[CJS][39m [2mdist/[22mlib/utils/pnpmCli.utils.cjs                                   [2m1.70 kB[22m [2m│ gzip: 0.66 kB[22m
[34mℹ[39m [33m[CJS][39m [2mdist/[22mlib/models/license.cjs                                        [2m1.70 kB[22m [2m│ gzip: 0.62 kB[22m
[34mℹ[39m [33m[CJS][39m [2mdist/[22mlib/internal/resolveLicenseContent/index.cjs                  [2m1.69 kB[22m [2m│ gzip: 0.48 kB[22m
[34mℹ[39m [33m[CJS][39m [2mdist/[22mlib/cli/config/index.cjs                                      [2m1.63 kB[22m [2m│ gzip: 0.58 kB[22m
[34mℹ[39m [33m[CJS][39m [2mdist/[22mlib/internal/resolveLicenseContent/licenseFile.cjs            [2m1.54 kB[22m [2m│ gzip: 0.74 kB[22m
[34mℹ[39m [33m[CJS][39m [2mdist/[22mlib/utils/packageJson.utils.cjs                               [2m1.40 kB[22m [2m│ gzip: 0.57 kB[22m
[34mℹ[39m [33m[CJS][39m [2mdist/[22mlib/cli/args/output.cjs                                       [2m1.27 kB[22m [2m│ gzip: 0.53 kB[22m
[34mℹ[39m [33m[CJS][39m [2mdist/[22mlib/internal/resolveDependencies/index.cjs                    [2m1.17 kB[22m [2m│ gzip: 0.45 kB[22m
[34mℹ[39m [33m[CJS][39m [2mdist/[22mlib/cli/args/argument.cjs                                     [2m1.10 kB[22m [2m│ gzip: 0.53 kB[22m
[34mℹ[39m [33m[CJS][39m [2mdist/[22mlib/getProjectLicenses.cjs                                    [2m1.09 kB[22m [2m│ gzip: 0.51 kB[22m
[34mℹ[39m [33m[CJS][39m [2mdist/[22m_virtual/_rolldown/runtime.cjs                                [2m1.04 kB[22m [2m│ gzip: 0.52 kB[22m
[34mℹ[39m [33m[CJS][39m [2mdist/[22mlib/internal/resolveDependencies/expandExcludes.cjs           [2m1.03 kB[22m [2m│ gzip: 0.44 kB[22m
[34mℹ[39m [33m[CJS][39m [2mdist/[22mlib/cli/config/schema.cjs                                     [2m1.02 kB[22m [2m│ gzip: 0.45 kB[22m
[34mℹ[39m [33m[CJS][39m [2mdist/[22mlib/utils/file.utils.cjs                                      [2m0.92 kB[22m [2m│ gzip: 0.41 kB[22m
[34mℹ[39m [33m[CJS][39m [2mdist/[22mlib/cli/args/eol.cjs                                          [2m0.83 kB[22m [2m│ gzip: 0.44 kB[22m
[34mℹ[39m [33m[CJS][39m [2mdist/[22mlib/utils/console.utils.cjs                                   [2m0.79 kB[22m [2m│ gzip: 0.29 kB[22m
[34mℹ[39m [33m[CJS][39m [2mdist/[22mlib/internal/resolveNoticeContent/index.cjs                   [2m0.61 kB[22m [2m│ gzip: 0.36 kB[22m
[34mℹ[39m [33m[CJS][39m [2mdist/[22mlib/lineEndings.cjs                                           [2m0.61 kB[22m [2m│ gzip: 0.31 kB[22m
[34mℹ[39m [33m[CJS][39m [2mdist/[22mlib/generateLicenseFile.cjs                                   [2m0.55 kB[22m [2m│ gzip: 0.26 kB[22m
[34mℹ[39m [33m[CJS][39m [2mdist/[22mlib/internal/resolveLicenseContent/replacementFile.cjs        [2m0.49 kB[22m [2m│ gzip: 0.28 kB[22m
[34mℹ[39m [33m[CJS][39m [2mdist/[22mlib/internal/resolveLicenses.cjs                              [2m0.44 kB[22m [2m│ gzip: 0.26 kB[22m
[34mℹ[39m [33m[CJS][39m [2mdist/[22mlib/internal/resolveLicenseContent/replacementHttp.cjs        [2m0.37 kB[22m [2m│ gzip: 0.23 kB[22m
[34mℹ[39m [33m[CJS][39m [2mdist/[22mlib/cli/spinner.cjs                                           [2m0.35 kB[22m [2m│ gzip: 0.23 kB[22m
[34mℹ[39m [33m[CJS][39m [2mdist/[22mlib/utils/exec.utils.cjs                                      [2m0.31 kB[22m [2m│ gzip: 0.20 kB[22m
[34mℹ[39m [33m[CJS][39m [2mdist/[22mlib/cli/config/parsers/json5.cjs                              [2m0.30 kB[22m [2m│ gzip: 0.19 kB[22m
[34mℹ[39m [33m[CJS][39m [2mdist/[22mlib/utils/string.utils.cjs                                    [2m0.26 kB[22m [2m│ gzip: 0.18 kB[22m
[34mℹ[39m [33m[CJS][39m [2mdist/[22mlib/utils/http.utils.cjs                                      [2m0.19 kB[22m [2m│ gzip: 0.15 kB[22m
[34mℹ[39m [33m[CJS][39m 37 files, total: 46.78 kB
[32m✔[39m Build complete in [32m771ms[39m
[34mℹ[39m [34m[ESM][39m [2mdist/[22m[1mindex.mjs[22m                                                     [2m0.28 kB[22m [2m│ gzip: 0.12 kB[22m
[34mℹ[39m [34m[ESM][39m [2mdist/[22m[1mcli.mjs[22m                                                       [2m0.22 kB[22m [2m│ gzip: 0.16 kB[22m
[34mℹ[39m [34m[ESM][39m [2mdist/[22mlib/cli/commands/main.mjs                                     [2m3.81 kB[22m [2m│ gzip: 1.44 kB[22m
[34mℹ[39m [34m[ESM][39m [2mdist/[22mlib/internal/resolveDependencies/resolvePnpmDependencies.mjs  [2m2.87 kB[22m [2m│ gzip: 1.07 kB[22m
[34mℹ[39m [34m[ESM][39m [2mdist/[22mlib/internal/resolveDependencies/resolveNpmDependencies.mjs   [2m2.79 kB[22m [2m│ gzip: 1.09 kB[22m
[34mℹ[39m [34m[ESM][39m [2mdist/[22mlib/internal/resolveLicenseContent/packageJsonLicense.mjs     [2m2.51 kB[22m [2m│ gzip: 0.91 kB[22m
[34mℹ[39m [34m[ESM][39m [2mdist/[22mlib/internal/resolveLicenseContent/spdxExpression.mjs         [2m2.19 kB[22m [2m│ gzip: 0.66 kB[22m
[34mℹ[39m [34m[ESM][39m [2mdist/[22mlib/cli/args/inputs.mjs                                       [2m2.06 kB[22m [2m│ gzip: 0.72 kB[22m
[34mℹ[39m [34m[ESM][39m [2mdist/[22mlib/getLicenseFileText.mjs                                    [2m1.76 kB[22m [2m│ gzip: 0.71 kB[22m
[34mℹ[39m [34m[ESM][39m [2mdist/[22mlib/cli/config/configFile.mjs                                 [2m1.69 kB[22m [2m│ gzip: 0.54 kB[22m
[34mℹ[39m [34m[ESM][39m [2mdist/[22mlib/models/license.mjs                                        [2m1.65 kB[22m [2m│ gzip: 0.61 kB[22m
[34mℹ[39m [34m[ESM][39m [2mdist/[22mlib/internal/resolveLicenseContent/index.mjs                  [2m1.51 kB[22m [2m│ gzip: 0.46 kB[22m
[34mℹ[39m [34m[ESM][39m [2mdist/[22mlib/utils/pnpmCli.utils.mjs                                   [2m1.46 kB[22m [2m│ gzip: 0.61 kB[22m
[34mℹ[39m [34m[ESM][39m [2mdist/[22mlib/cli/config/index.mjs                                      [2m1.41 kB[22m [2m│ gzip: 0.54 kB[22m
[34mℹ[39m [34m[ESM][39m [2mdist/[22mlib/internal/resolveLicenseContent/licenseFile.mjs            [2m1.41 kB[22m [2m│ gzip: 0.68 kB[22m
[34mℹ[39m [34m[ESM][39m [2mdist/[22mlib/utils/packageJson.utils.mjs                               [2m1.21 kB[22m [2m│ gzip: 0.51 kB[22m
[34mℹ[39m [34m[ESM][39m [2mdist/[22mlib/cli/args/output.mjs                                       [2m1.17 kB[22m [2m│ gzip: 0.52 kB[22m
[34mℹ[39m [34m[ESM][39m [2mdist/[22mlib/getProjectLicenses.mjs                                    [2m1.04 kB[22m [2m│ gzip: 0.50 kB[22m
[34mℹ[39m [34m[ESM][39m [2mdist/[22mlib/internal/resolveDependencies/expandExcludes.mjs           [2m1.01 kB[22m [2m│ gzip: 0.44 kB[22m
[34mℹ[39m [34m[ESM][39m [2mdist/[22mlib/internal/resolveDependencies/index.mjs                    [2m0.98 kB[22m [2m│ gzip: 0.40 kB[22m
[34mℹ[39m [34m[ESM][39m [2mdist/[22mlib/cli/args/argument.mjs                                     [2m0.97 kB[22m [2m│ gzip: 0.48 kB[22m
[34mℹ[39m [34m[ESM][39m [2mdist/[22mlib/cli/config/schema.mjs                                     [2m0.88 kB[22m [2m│ gzip: 0.41 kB[22m
[34mℹ[39m [34m[ESM][39m [2mdist/[22mlib/cli/args/eol.mjs                                          [2m0.75 kB[22m [2m│ gzip: 0.42 kB[22m
[34mℹ[39m [34m[ESM][39m [2mdist/[22mlib/utils/console.utils.mjs                                   [2m0.74 kB[22m [2m│ gzip: 0.28 kB[22m
[34mℹ[39m [34m[ESM][39m [2mdist/[22mlib/utils/file.utils.mjs                                      [2m0.69 kB[22m [2m│ gzip: 0.33 kB[22m
[34mℹ[39m [34m[ESM][39m [2mdist/[22mlib/internal/resolveNoticeContent/index.mjs                   [2m0.51 kB[22m [2m│ gzip: 0.32 kB[22m
[34mℹ[39m [34m[ESM][39m [2mdist/[22mlib/generateLicenseFile.mjs                                   [2m0.47 kB[22m [2m│ gzip: 0.24 kB[22m
[34mℹ[39m [34m[ESM][39m [2mdist/[22mlib/lineEndings.mjs                                           [2m0.45 kB[22m [2m│ gzip: 0.25 kB[22m
[34mℹ[39m [34m[ESM][39m [2mdist/[22mlib/internal/resolveLicenses.mjs                              [2m0.41 kB[22m [2m│ gzip: 0.25 kB[22m
[34mℹ[39m [34m[ESM][39m [2mdist/[22mlib/internal/resolveLicenseContent/replacementFile.mjs        [2m0.33 kB[22m [2m│ gzip: 0.23 kB[22m
[34mℹ[39m [34m[ESM][39m [2mdist/[22mlib/internal/resolveLicenseContent/replacementHttp.mjs        [2m0.33 kB[22m [2m│ gzip: 0.22 kB[22m
[34mℹ[39m [34m[ESM][39m [2mdist/[22mlib/utils/string.utils.mjs                                    [2m0.24 kB[22m [2m│ gzip: 0.17 kB[22m
[34mℹ[39m [34m[ESM][39m [2mdist/[22mlib/utils/exec.utils.mjs                                      [2m0.20 kB[22m [2m│ gzip: 0.16 kB[22m
[34mℹ[39m [34m[ESM][39m [2mdist/[22mlib/cli/spinner.mjs                                           [2m0.20 kB[22m [2m│ gzip: 0.15 kB[22m
[34mℹ[39m [34m[ESM][39m [2mdist/[22mlib/utils/http.utils.mjs                                      [2m0.17 kB[22m [2m│ gzip: 0.15 kB[22m
[34mℹ[39m [34m[ESM][39m [2mdist/[22mlib/cli/config/parsers/json5.mjs                              [2m0.17 kB[22m [2m│ gzip: 0.14 kB[22m
[34mℹ[39m [34m[ESM][39m [2mdist/[22m[32m[1mindex.d.mts[22m[39m                                                   [2m0.59 kB[22m [2m│ gzip: 0.19 kB[22m
[34mℹ[39m [34m[ESM][39m [2mdist/[22m[32m[1mcli.d.mts[22m[39m                                                     [2m0.12 kB[22m [2m│ gzip: 0.12 kB[22m
[34mℹ[39m [34m[ESM][39m [2mdist/[22m[32mlib/options/optionsExpander.d.mts[39m                             [2m1.57 kB[22m [2m│ gzip: 0.65 kB[22m
[34mℹ[39m [34m[ESM][39m [2mdist/[22m[32mlib/getLicenseFileText.d.mts[39m                                  [2m1.53 kB[22m [2m│ gzip: 0.48 kB[22m
[34mℹ[39m [34m[ESM][39m [2mdist/[22m[32mlib/generateLicenseFile.d.mts[39m                                 [2m1.53 kB[22m [2m│ gzip: 0.46 kB[22m
[34mℹ[39m [34m[ESM][39m [2mdist/[22m[32mlib/getProjectLicenses.d.mts[39m                                  [2m1.04 kB[22m [2m│ gzip: 0.45 kB[22m
[34mℹ[39m [34m[ESM][39m [2mdist/[22m[32mlib/options/replace.d.mts[39m                                     [2m0.66 kB[22m [2m│ gzip: 0.39 kB[22m
[34mℹ[39m [34m[ESM][39m [2mdist/[22m[32mlib/options/lineEnding.d.mts[39m                                  [2m0.52 kB[22m [2m│ gzip: 0.29 kB[22m
[34mℹ[39m [34m[ESM][39m [2mdist/[22m[32mlib/options/append.d.mts[39m                                      [2m0.47 kB[22m [2m│ gzip: 0.30 kB[22m
[34mℹ[39m [34m[ESM][39m [2mdist/[22m[32mlib/options/exclude.d.mts[39m                                     [2m0.47 kB[22m [2m│ gzip: 0.29 kB[22m
[34mℹ[39m [34m[ESM][39m [2mdist/[22m[32mlib/models/license.d.mts[39m                                      [2m0.41 kB[22m [2m│ gzip: 0.23 kB[22m
[34mℹ[39m [34m[ESM][39m [2mdist/[22m[32mlib/options/omitVersions.d.mts[39m                                [2m0.39 kB[22m [2m│ gzip: 0.24 kB[22m
[34mℹ[39m [34m[ESM][39m [2mdist/[22m[32mlib/lineEndings.d.mts[39m                                         [2m0.31 kB[22m [2m│ gzip: 0.22 kB[22m
[34mℹ[39m [34m[ESM][39m 49 files, total: 50.13 kB
[32m✔[39m Build complete in [32m781ms[39m
